This file contains any messages produced by compilers while
running configure, to aid debugging if configure makes a mistake.

It was created by timetestlog configure 1.0.0, which was
generated by GNU Autoconf 2.69.  Invocation command line was

  $ ./configure 

## --------- ##
## Platform. ##
## --------- ##

hostname = ubuntu
uname -m = x86_64
uname -r = 3.13.0-55-generic
uname -s = Linux
uname -v = #94-Ubuntu SMP Thu Jun 18 00:27:10 UTC 2015

/usr/bin/uname -p = unknown
/bin/uname -X     = unknown

/bin/arch              = unknown
/usr/bin/arch -k       = unknown
/usr/convex/getsysinfo = unknown
/usr/bin/hostinfo      = unknown
/bin/machine           = unknown
/usr/bin/oslevel       = unknown
/bin/universe          = unknown

PATH: /usr/local/sbin
PATH: /usr/local/bin
PATH: /usr/sbin
PATH: /usr/bin
PATH: /sbin
PATH: /bin
PATH: /usr/games
PATH: /usr/local/games


## ----------- ##
## Core tests. ##
## ----------- ##

configure:2304: checking for a BSD-compatible install
configure:2372: result: /usr/bin/install -c
configure:2383: checking whether build environment is sane
configure:2438: result: yes
configure:2589: checking for a thread-safe mkdir -p
configure:2628: result: /bin/mkdir -p
configure:2635: checking for gawk
configure:2665: result: no
configure:2635: checking for mawk
configure:2651: found /usr/bin/mawk
configure:2662: result: mawk
configure:2673: checking whether make sets $(MAKE)
configure:2695: result: yes
configure:2724: checking whether make supports nested variables
configure:2741: result: yes
configure:2882: checking for style of include used by make
configure:2910: result: GNU
configure:2981: checking for gcc
configure:2997: found /usr/bin/gcc
configure:3008: result: gcc
configure:3237: checking for C compiler version
configure:3246: gcc --version >&5
gcc (Ubuntu 4.8.4-2ubuntu1~14.04.4) 4.8.4
Copyright (C) 2013 Free Software Foundation, Inc.
This is free software; see the source for copying conditions.  There is NO
warranty; not even for MERCHANTABILITY or FITNESS FOR A PARTICULAR PURPOSE.

configure:3257: $? = 0
configure:3246: gcc -v >&5
Using built-in specs.
COLLECT_GCC=gcc
COLLECT_LTO_WRAPPER=/usr/lib/gcc/x86_64-linux-gnu/4.8/lto-wrapper
Target: x86_64-linux-gnu
Configured with: ../src/configure -v --with-pkgversion='Ubuntu 4.8.4-2ubuntu1~14.04.4' --with-bugurl=file:///usr/share/doc/gcc-4.8/README.Bugs --enable-languages=c,c++,java,go,d,fortran,objc,obj-c++ --prefix=/usr --program-suffix=-4.8 --enable-shared --enable-linker-build-id --libexecdir=/usr/lib --without-included-gettext --enable-threads=posix --with-gxx-include-dir=/usr/include/c++/4.8 --libdir=/usr/lib --enable-nls --with-sysroot=/ --enable-clocale=gnu --enable-libstdcxx-debug --enable-libstdcxx-time=yes --enable-gnu-unique-object --disable-libmudflap --enable-plugin --with-system-zlib --disable-browser-plugin --enable-java-awt=gtk --enable-gtk-cairo --with-java-home=/usr/lib/jvm/java-1.5.0-gcj-4.8-amd64/jre --enable-java-home --with-jvm-root-dir=/usr/lib/jvm/java-1.5.0-gcj-4.8-amd64 --with-jvm-jar-dir=/usr/lib/jvm-exports/java-1.5.0-gcj-4.8-amd64 --with-arch-directory=amd64 --with-ecj-jar=/usr/share/java/eclipse-ecj.jar --enable-objc-gc --enable-multiarch --disable-werror --with-arch-32=i686 --with-abi=m64 --with-multilib-list=m32,m64,mx32 --with-tune=generic --enable-checking=release --build=x86_64-linux-gnu --host=x86_64-linux-gnu --target=x86_64-linux-gnu
Thread model: posix
gcc version 4.8.4 (Ubuntu 4.8.4-2ubuntu1~14.04.4) 
configure:3257: $? = 0
configure:3246: gcc -V >&5
gcc: error: unrecognized command line option '-V'
gcc: fatal error: no input files
compilation terminated.
configure:3257: $? = 4
configure:3246: gcc -qversion >&5
gcc: error: unrecognized command line option '-qversion'
gcc: fatal error: no input files
compilation terminated.
configure:3257: $? = 4
configure:3277: checking whether the C compiler works
configure:3299: gcc    conftest.c  >&5
configure:3303: $? = 0
configure:3351: result: yes
configure:3354: checking for C compiler default output file name
configure:3356: result: a.out
configure:3362: checking for suffix of executables
configure:3369: gcc -o conftest    conftest.c  >&5
configure:3373: $? = 0
configure:3395: result: 
configure:3417: checking whether we are cross compiling
configure:3425: gcc -o conftest    conftest.c  >&5
configure:3429: $? = 0
configure:3436: ./conftest
configure:3440: $? = 0
configure:3455: result: no
configure:3460: checking for suffix of object files
configure:3482: gcc -c   conftest.c >&5
configure:3486: $? = 0
configure:3507: result: o
configure:3511: checking whether we are using the GNU C compiler
configure:3530: gcc -c   conftest.c >&5
configure:3530: $? = 0
configure:3539: result: yes
configure:3548: checking whether gcc accepts -g
configure:3568: gcc -c -g  conftest.c >&5
configure:3568: $? = 0
configure:3609: result: yes
configure:3626: checking for gcc option to accept ISO C89
configure:3689: gcc  -c -g -O2  conftest.c >&5
configure:3689: $? = 0
configure:3702: result: none needed
configure:3727: checking whether gcc understands -c and -o together
configure:3749: gcc -c conftest.c -o conftest2.o
configure:3752: $? = 0
configure:3749: gcc -c conftest.c -o conftest2.o
configure:3752: $? = 0
configure:3764: result: yes
configure:3783: checking dependency style of gcc
configure:3894: result: gcc3
configure:3959: checking for ar
configure:3975: found /usr/bin/ar
configure:3986: result: ar
configure:4012: checking the archiver (ar) interface
configure:4028: gcc -c -g -O2  conftest.c >&5
configure:4028: $? = 0
configure:4030: ar cru libconftest.a conftest.o >&5
configure:4033: $? = 0
configure:4061: result: ar
configure:4110: checking build system type
configure:4124: result: x86_64-unknown-linux-gnu
configure:4144: checking host system type
configure:4157: result: x86_64-unknown-linux-gnu
configure:4198: checking how to print strings
configure:4225: result: printf
configure:4246: checking for a sed that does not truncate output
configure:4310: result: /bin/sed
configure:4328: checking for grep that handles long lines and -e
configure:4386: result: /bin/grep
configure:4391: checking for egrep
configure:4453: result: /bin/grep -E
configure:4458: checking for fgrep
configure:4520: result: /bin/grep -F
configure:4555: checking for ld used by gcc
configure:4622: result: /usr/bin/ld
configure:4629: checking if the linker (/usr/bin/ld) is GNU ld
configure:4644: result: yes
configure:4656: checking for BSD- or MS-compatible name lister (nm)
configure:4705: result: /usr/bin/nm -B
configure:4835: checking the name lister (/usr/bin/nm -B) interface
configure:4842: gcc -c -g -O2  conftest.c >&5
configure:4845: /usr/bin/nm -B "conftest.o"
configure:4848: output
0000000000000000 B some_variable
configure:4855: result: BSD nm
configure:4858: checking whether ln -s works
configure:4862: result: yes
configure:4870: checking the maximum length of command line arguments
configure:5001: result: 1572864
configure:5018: checking whether the shell understands some XSI constructs
configure:5028: result: yes
configure:5032: checking whether the shell understands "+="
configure:5038: result: yes
configure:5073: checking how to convert x86_64-unknown-linux-gnu file names to x86_64-unknown-linux-gnu format
configure:5113: result: func_convert_file_noop
configure:5120: checking how to convert x86_64-unknown-linux-gnu file names to toolchain format
configure:5140: result: func_convert_file_noop
configure:5147: checking for /usr/bin/ld option to reload object files
configure:5154: result: -r
configure:5228: checking for objdump
configure:5244: found /usr/bin/objdump
configure:5255: result: objdump
configure:5287: checking how to recognize dependent libraries
configure:5485: result: pass_all
configure:5570: checking for dlltool
configure:5600: result: no
configure:5630: checking how to associate runtime and link libraries
configure:5657: result: printf %s\n
configure:5781: checking for archiver @FILE support
configure:5798: gcc -c -g -O2  conftest.c >&5
configure:5798: $? = 0
configure:5801: ar cru libconftest.a @conftest.lst >&5
configure:5804: $? = 0
configure:5809: ar cru libconftest.a @conftest.lst >&5
ar: conftest.o: No such file or directory
configure:5812: $? = 1
configure:5824: result: @
configure:5882: checking for strip
configure:5898: found /usr/bin/strip
configure:5909: result: strip
configure:5981: checking for ranlib
configure:5997: found /usr/bin/ranlib
configure:6008: result: ranlib
configure:6110: checking command to parse /usr/bin/nm -B output from gcc object
configure:6230: gcc -c -g -O2  conftest.c >&5
configure:6233: $? = 0
configure:6237: /usr/bin/nm -B conftest.o \| sed -n -e 's/^.*[ ]\([ABCDGIRSTW][ABCDGIRSTW]*\)[ ][ ]*\([_A-Za-z][_A-Za-z0-9]*\)$/\1 \2 \2/p' | sed '/ __gnu_lto/d' \> conftest.nm
configure:6240: $? = 0
configure:6306: gcc -o conftest -g -O2   conftest.c conftstm.o >&5
configure:6309: $? = 0
configure:6347: result: ok
configure:6384: checking for sysroot
configure:6414: result: no
configure:6491: gcc -c -g -O2  conftest.c >&5
configure:6494: $? = 0
configure:6683: checking for mt
configure:6699: found /bin/mt
configure:6710: result: mt
configure:6733: checking if mt is a manifest tool
configure:6739: mt '-?'
configure:6747: result: no
configure:7389: checking how to run the C preprocessor
configure:7420: gcc -E  conftest.c
configure:7420: $? = 0
configure:7434: gcc -E  conftest.c
conftest.c:11:28: fatal error: ac_nonexistent.h: No such file or directory
 #include <ac_nonexistent.h>
                            ^
compilation terminated.
configure:7434: $? = 1
configure: failed program was:
| /* confdefs.h */
| #define PACKAGE_NAME "timetestlog"
| #define PACKAGE_TARNAME "timetestlog"
| #define PACKAGE_VERSION "1.0.0"
| #define PACKAGE_STRING "timetestlog 1.0.0"
| #define PACKAGE_BUGREPORT "kikikaikaikai@gmail.com"
| #define PACKAGE_URL ""
| #define PACKAGE "timetestlog"
| #define VERSION "1.0.0"
| /* end confdefs.h.  */
| #include <ac_nonexistent.h>
configure:7459: result: gcc -E
configure:7479: gcc -E  conftest.c
configure:7479: $? = 0
configure:7493: gcc -E  conftest.c
conftest.c:11:28: fatal error: ac_nonexistent.h: No such file or directory
 #include <ac_nonexistent.h>
                            ^
compilation terminated.
configure:7493: $? = 1
configure: failed program was:
| /* confdefs.h */
| #define PACKAGE_NAME "timetestlog"
| #define PACKAGE_TARNAME "timetestlog"
| #define PACKAGE_VERSION "1.0.0"
| #define PACKAGE_STRING "timetestlog 1.0.0"
| #define PACKAGE_BUGREPORT "kikikaikaikai@gmail.com"
| #define PACKAGE_URL ""
| #define PACKAGE "timetestlog"
| #define VERSION "1.0.0"
| /* end confdefs.h.  */
| #include <ac_nonexistent.h>
configure:7522: checking for ANSI C header files
configure:7542: gcc -c -g -O2  conftest.c >&5
configure:7542: $? = 0
configure:7615: gcc -o conftest -g -O2   conftest.c  >&5
configure:7615: $? = 0
configure:7615: ./conftest
configure:7615: $? = 0
configure:7626: result: yes
configure:7639: checking for sys/types.h
configure:7639: gcc -c -g -O2  conftest.c >&5
configure:7639: $? = 0
configure:7639: result: yes
configure:7639: checking for sys/stat.h
configure:7639: gcc -c -g -O2  conftest.c >&5
configure:7639: $? = 0
configure:7639: result: yes
configure:7639: checking for stdlib.h
configure:7639: gcc -c -g -O2  conftest.c >&5
configure:7639: $? = 0
configure:7639: result: yes
configure:7639: checking for string.h
configure:7639: gcc -c -g -O2  conftest.c >&5
configure:7639: $? = 0
configure:7639: result: yes
configure:7639: checking for memory.h
configure:7639: gcc -c -g -O2  conftest.c >&5
configure:7639: $? = 0
configure:7639: result: yes
configure:7639: checking for strings.h
configure:7639: gcc -c -g -O2  conftest.c >&5
configure:7639: $? = 0
configure:7639: result: yes
configure:7639: checking for inttypes.h
configure:7639: gcc -c -g -O2  conftest.c >&5
configure:7639: $? = 0
configure:7639: result: yes
configure:7639: checking for stdint.h
configure:7639: gcc -c -g -O2  conftest.c >&5
configure:7639: $? = 0
configure:7639: result: yes
configure:7639: checking for unistd.h
configure:7639: gcc -c -g -O2  conftest.c >&5
configure:7639: $? = 0
configure:7639: result: yes
configure:7653: checking for dlfcn.h
configure:7653: gcc -c -g -O2  conftest.c >&5
configure:7653: $? = 0
configure:7653: result: yes
configure:7859: checking for objdir
configure:7874: result: .libs
configure:8141: checking if gcc supports -fno-rtti -fno-exceptions
configure:8159: gcc -c -g -O2  -fno-rtti -fno-exceptions conftest.c >&5
cc1: warning: command line option '-fno-rtti' is valid for C++/ObjC++ but not for C [enabled by default]
configure:8163: $? = 0
configure:8176: result: no
configure:8503: checking for gcc option to produce PIC
configure:8510: result: -fPIC -DPIC
configure:8518: checking if gcc PIC flag -fPIC -DPIC works
configure:8536: gcc -c -g -O2  -fPIC -DPIC -DPIC conftest.c >&5
configure:8540: $? = 0
configure:8553: result: yes
configure:8582: checking if gcc static flag -static works
configure:8610: result: yes
configure:8625: checking if gcc supports -c -o file.o
configure:8646: gcc -c -g -O2  -o out/conftest2.o conftest.c >&5
configure:8650: $? = 0
configure:8672: result: yes
configure:8680: checking if gcc supports -c -o file.o
configure:8727: result: yes
configure:8760: checking whether the gcc linker (/usr/bin/ld -m elf_x86_64) supports shared libraries
configure:9917: result: yes
configure:9954: checking whether -lc should be explicitly linked in
configure:9962: gcc -c -g -O2  conftest.c >&5
configure:9965: $? = 0
configure:9980: gcc -shared  -fPIC -DPIC conftest.o  -v -Wl,-soname -Wl,conftest -o conftest 2\>\&1 \| /bin/grep  -lc  \>/dev/null 2\>\&1
configure:9983: $? = 0
configure:9997: result: no
configure:10157: checking dynamic linker characteristics
configure:10657: gcc -o conftest -g -O2   -Wl,-rpath -Wl,/foo conftest.c  >&5
configure:10657: $? = 0
configure:10891: result: GNU/Linux ld.so
configure:10998: checking how to hardcode library paths into programs
configure:11023: result: immediate
configure:11563: checking whether stripping libraries is possible
configure:11568: result: yes
configure:11603: checking if libtool supports shared libraries
configure:11605: result: yes
configure:11608: checking whether to build shared libraries
configure:11629: result: yes
configure:11632: checking whether to build static libraries
configure:11636: result: yes
configure:11723: checking for gcc
configure:11750: result: gcc
configure:11979: checking for C compiler version
configure:11988: gcc --version >&5
gcc (Ubuntu 4.8.4-2ubuntu1~14.04.4) 4.8.4
Copyright (C) 2013 Free Software Foundation, Inc.
This is free software; see the source for copying conditions.  There is NO
warranty; not even for MERCHANTABILITY or FITNESS FOR A PARTICULAR PURPOSE.

configure:11999: $? = 0
configure:11988: gcc -v >&5
Using built-in specs.
COLLECT_GCC=gcc
COLLECT_LTO_WRAPPER=/usr/lib/gcc/x86_64-linux-gnu/4.8/lto-wrapper
Target: x86_64-linux-gnu
Configured with: ../src/configure -v --with-pkgversion='Ubuntu 4.8.4-2ubuntu1~14.04.4' --with-bugurl=file:///usr/share/doc/gcc-4.8/README.Bugs --enable-languages=c,c++,java,go,d,fortran,objc,obj-c++ --prefix=/usr --program-suffix=-4.8 --enable-shared --enable-linker-build-id --libexecdir=/usr/lib --without-included-gettext --enable-threads=posix --with-gxx-include-dir=/usr/include/c++/4.8 --libdir=/usr/lib --enable-nls --with-sysroot=/ --enable-clocale=gnu --enable-libstdcxx-debug --enable-libstdcxx-time=yes --enable-gnu-unique-object --disable-libmudflap --enable-plugin --with-system-zlib --disable-browser-plugin --enable-java-awt=gtk --enable-gtk-cairo --with-java-home=/usr/lib/jvm/java-1.5.0-gcj-4.8-amd64/jre --enable-java-home --with-jvm-root-dir=/usr/lib/jvm/java-1.5.0-gcj-4.8-amd64 --with-jvm-jar-dir=/usr/lib/jvm-exports/java-1.5.0-gcj-4.8-amd64 --with-arch-directory=amd64 --with-ecj-jar=/usr/share/java/eclipse-ecj.jar --enable-objc-gc --enable-multiarch --disable-werror --with-arch-32=i686 --with-abi=m64 --with-multilib-list=m32,m64,mx32 --with-tune=generic --enable-checking=release --build=x86_64-linux-gnu --host=x86_64-linux-gnu --target=x86_64-linux-gnu
Thread model: posix
gcc version 4.8.4 (Ubuntu 4.8.4-2ubuntu1~14.04.4) 
configure:11999: $? = 0
configure:11988: gcc -V >&5
gcc: error: unrecognized command line option '-V'
gcc: fatal error: no input files
compilation terminated.
configure:11999: $? = 4
configure:11988: gcc -qversion >&5
gcc: error: unrecognized command line option '-qversion'
gcc: fatal error: no input files
compilation terminated.
configure:11999: $? = 4
configure:12003: checking whether we are using the GNU C compiler
configure:12031: result: yes
configure:12040: checking whether gcc accepts -g
configure:12101: result: yes
configure:12118: checking for gcc option to accept ISO C89
configure:12194: result: none needed
configure:12219: checking whether gcc understands -c and -o together
configure:12256: result: yes
configure:12275: checking dependency style of gcc
configure:12386: result: gcc3
configure:12404: checking for main in -lpthread
configure:12423: gcc -o conftest -g -O2   conftest.c -lpthread   >&5
configure:12423: $? = 0
configure:12432: result: yes
configure:12448: checking for stdlib.h
configure:12448: result: yes
configure:12448: checking for string.h
configure:12448: result: yes
configure:12460: checking for inline
configure:12476: gcc -c -g -O2  conftest.c >&5
configure:12476: $? = 0
configure:12484: result: inline
configure:12502: checking for size_t
configure:12502: gcc -c -g -O2  conftest.c >&5
configure:12502: $? = 0
configure:12502: gcc -c -g -O2  conftest.c >&5
conftest.c: In function 'main':
conftest.c:62:21: error: expected expression before ')' token
 if (sizeof ((size_t)))
                     ^
configure:12502: $? = 1
configure: failed program was:
| /* confdefs.h */
| #define PACKAGE_NAME "timetestlog"
| #define PACKAGE_TARNAME "timetestlog"
| #define PACKAGE_VERSION "1.0.0"
| #define PACKAGE_STRING "timetestlog 1.0.0"
| #define PACKAGE_BUGREPORT "kikikaikaikai@gmail.com"
| #define PACKAGE_URL ""
| #define PACKAGE "timetestlog"
| #define VERSION "1.0.0"
| #define STDC_HEADERS 1
| #define HAVE_SYS_TYPES_H 1
| #define HAVE_SYS_STAT_H 1
| #define HAVE_STDLIB_H 1
| #define HAVE_STRING_H 1
| #define HAVE_MEMORY_H 1
| #define HAVE_STRINGS_H 1
| #define HAVE_INTTYPES_H 1
| #define HAVE_STDINT_H 1
| #define HAVE_UNISTD_H 1
| #define HAVE_DLFCN_H 1
| #define LT_OBJDIR ".libs/"
| #define HAVE_LIBPTHREAD 1
| #define HAVE_STDLIB_H 1
| #define HAVE_STRING_H 1
| /* end confdefs.h.  */
| #include <stdio.h>
| #ifdef HAVE_SYS_TYPES_H
| # include <sys/types.h>
| #endif
| #ifdef HAVE_SYS_STAT_H
| # include <sys/stat.h>
| #endif
| #ifdef STDC_HEADERS
| # include <stdlib.h>
| # include <stddef.h>
| #else
| # ifdef HAVE_STDLIB_H
| #  include <stdlib.h>
| # endif
| #endif
| #ifdef HAVE_STRING_H
| # if !defined STDC_HEADERS && defined HAVE_MEMORY_H
| #  include <memory.h>
| # endif
| # include <string.h>
| #endif
| #ifdef HAVE_STRINGS_H
| # include <strings.h>
| #endif
| #ifdef HAVE_INTTYPES_H
| # include <inttypes.h>
| #endif
| #ifdef HAVE_STDINT_H
| # include <stdint.h>
| #endif
| #ifdef HAVE_UNISTD_H
| # include <unistd.h>
| #endif
| int
| main ()
| {
| if (sizeof ((size_t)))
| 	    return 0;
|   ;
|   return 0;
| }
configure:12502: result: yes
configure:12518: checking for clock_gettime
configure:12518: gcc -o conftest -g -O2   conftest.c -lpthread  >&5
configure:12518: $? = 0
configure:12518: result: yes
configure:12518: checking for memset
configure:12518: gcc -o conftest -g -O2   conftest.c -lpthread  >&5
conftest.c:50:6: warning: conflicting types for built-in function 'memset' [enabled by default]
 char memset ();
      ^
configure:12518: $? = 0
configure:12518: result: yes
configure:12518: checking for strerror
configure:12518: gcc -o conftest -g -O2   conftest.c -lpthread  >&5
configure:12518: $? = 0
configure:12518: result: yes
configure:12640: checking that generated files are newer than configure
configure:12646: result: done
configure:12673: creating ./config.status

## ---------------------- ##
## Running config.status. ##
## ---------------------- ##

This file was extended by timetestlog config.status 1.0.0, which was
generated by GNU Autoconf 2.69.  Invocation command line was

  CONFIG_FILES    = 
  CONFIG_HEADERS  = 
  CONFIG_LINKS    = 
  CONFIG_COMMANDS = 
  $ ./config.status 

on ubuntu

config.status:1088: creating Makefile
config.status:1088: creating lib/Makefile
config.status:1088: creating include/Makefile
config.status:1088: creating config.h
config.status:1269: config.h is unchanged
config.status:1317: executing depfiles commands
config.status:1317: executing libtool commands

## ---------------- ##
## Cache variables. ##
## ---------------- ##

ac_cv_build=x86_64-unknown-linux-gnu
ac_cv_c_compiler_gnu=yes
ac_cv_c_inline=inline
ac_cv_env_CC_set=
ac_cv_env_CC_value=
ac_cv_env_CFLAGS_set=
ac_cv_env_CFLAGS_value=
ac_cv_env_CPPFLAGS_set=
ac_cv_env_CPPFLAGS_value=
ac_cv_env_CPP_set=
ac_cv_env_CPP_value=
ac_cv_env_LDFLAGS_set=
ac_cv_env_LDFLAGS_value=
ac_cv_env_LIBS_set=
ac_cv_env_LIBS_value=
ac_cv_env_build_alias_set=
ac_cv_env_build_alias_value=
ac_cv_env_host_alias_set=
ac_cv_env_host_alias_value=
ac_cv_env_target_alias_set=
ac_cv_env_target_alias_value=
ac_cv_func_clock_gettime=yes
ac_cv_func_memset=yes
ac_cv_func_strerror=yes
ac_cv_header_dlfcn_h=yes
ac_cv_header_inttypes_h=yes
ac_cv_header_memory_h=yes
ac_cv_header_stdc=yes
ac_cv_header_stdint_h=yes
ac_cv_header_stdlib_h=yes
ac_cv_header_string_h=yes
ac_cv_header_strings_h=yes
ac_cv_header_sys_stat_h=yes
ac_cv_header_sys_types_h=yes
ac_cv_header_unistd_h=yes
ac_cv_host=x86_64-unknown-linux-gnu
ac_cv_lib_pthread_main=yes
ac_cv_objext=o
ac_cv_path_EGREP='/bin/grep -E'
ac_cv_path_FGREP='/bin/grep -F'
ac_cv_path_GREP=/bin/grep
ac_cv_path_SED=/bin/sed
ac_cv_path_install='/usr/bin/install -c'
ac_cv_path_mkdir=/bin/mkdir
ac_cv_prog_AWK=mawk
ac_cv_prog_CPP='gcc -E'
ac_cv_prog_ac_ct_AR=ar
ac_cv_prog_ac_ct_CC=gcc
ac_cv_prog_ac_ct_MANIFEST_TOOL=mt
ac_cv_prog_ac_ct_OBJDUMP=objdump
ac_cv_prog_ac_ct_RANLIB=ranlib
ac_cv_prog_ac_ct_STRIP=strip
ac_cv_prog_cc_c89=
ac_cv_prog_cc_g=yes
ac_cv_prog_make_make_set=yes
ac_cv_type_size_t=yes
am_cv_CC_dependencies_compiler_type=gcc3
am_cv_ar_interface=ar
am_cv_make_support_nested_variables=yes
am_cv_prog_cc_c_o=yes
lt_cv_ar_at_file=@
lt_cv_archive_cmds_need_lc=no
lt_cv_deplibs_check_method=pass_all
lt_cv_file_magic_cmd='$MAGIC_CMD'
lt_cv_file_magic_test_file=
lt_cv_ld_reload_flag=-r
lt_cv_nm_interface='BSD nm'
lt_cv_objdir=.libs
lt_cv_path_LD=/usr/bin/ld
lt_cv_path_NM='/usr/bin/nm -B'
lt_cv_path_mainfest_tool=no
lt_cv_prog_compiler_c_o=yes
lt_cv_prog_compiler_pic='-fPIC -DPIC'
lt_cv_prog_compiler_pic_works=yes
lt_cv_prog_compiler_rtti_exceptions=no
lt_cv_prog_compiler_static_works=yes
lt_cv_prog_gnu_ld=yes
lt_cv_sharedlib_from_linklib_cmd='printf %s\n'
lt_cv_shlibpath_overrides_runpath=no
lt_cv_sys_global_symbol_pipe='sed -n -e '\''s/^.*[	 ]\([ABCDGIRSTW][ABCDGIRSTW]*\)[	 ][	 ]*\([_A-Za-z][_A-Za-z0-9]*\)$/\1 \2 \2/p'\'' | sed '\''/ __gnu_lto/d'\'''
lt_cv_sys_global_symbol_to_c_name_address='sed -n -e '\''s/^: \([^ ]*\)[ ]*$/  {\"\1\", (void *) 0},/p'\'' -e '\''s/^[ABCDGIRSTW]* \([^ ]*\) \([^ ]*\)$/  {"\2", (void *) \&\2},/p'\'''
lt_cv_sys_global_symbol_to_c_name_address_lib_prefix='sed -n -e '\''s/^: \([^ ]*\)[ ]*$/  {\"\1\", (void *) 0},/p'\'' -e '\''s/^[ABCDGIRSTW]* \([^ ]*\) \(lib[^ ]*\)$/  {"\2", (void *) \&\2},/p'\'' -e '\''s/^[ABCDGIRSTW]* \([^ ]*\) \([^ ]*\)$/  {"lib\2", (void *) \&\2},/p'\'''
lt_cv_sys_global_symbol_to_cdecl='sed -n -e '\''s/^T .* \(.*\)$/extern int \1();/p'\'' -e '\''s/^[ABCDGIRSTW]* .* \(.*\)$/extern char \1;/p'\'''
lt_cv_sys_max_cmd_len=1572864
lt_cv_to_host_file_cmd=func_convert_file_noop
lt_cv_to_tool_file_cmd=func_convert_file_noop

## ----------------- ##
## Output variables. ##
## ----------------- ##

ACLOCAL='${SHELL} /home/htsuji/speedtest_tmp/missing aclocal-1.14'
AMDEPBACKSLASH='\'
AMDEP_FALSE='#'
AMDEP_TRUE=''
AMTAR='$${TAR-tar}'
AM_BACKSLASH='\'
AM_DEFAULT_V='$(AM_DEFAULT_VERBOSITY)'
AM_DEFAULT_VERBOSITY='1'
AM_V='$(V)'
AR='ar'
AUTOCONF='${SHELL} /home/htsuji/speedtest_tmp/missing autoconf'
AUTOHEADER='${SHELL} /home/htsuji/speedtest_tmp/missing autoheader'
AUTOMAKE='${SHELL} /home/htsuji/speedtest_tmp/missing automake-1.14'
AWK='mawk'
CC='gcc'
CCDEPMODE='depmode=gcc3'
CFLAGS='-g -O2'
CPP='gcc -E'
CPPFLAGS=''
CYGPATH_W='echo'
DEFS='-DHAVE_CONFIG_H'
DEPDIR='.deps'
DLLTOOL='false'
DSYMUTIL=''
DUMPBIN=''
ECHO_C=''
ECHO_N='-n'
ECHO_T=''
EGREP='/bin/grep -E'
EXEEXT=''
FGREP='/bin/grep -F'
GREP='/bin/grep'
INSTALL_DATA='${INSTALL} -m 644'
INSTALL_PROGRAM='${INSTALL}'
INSTALL_SCRIPT='${INSTALL}'
INSTALL_STRIP_PROGRAM='$(install_sh) -c -s'
LD='/usr/bin/ld -m elf_x86_64'
LDFLAGS=''
LIBOBJS=''
LIBS='-lpthread '
LIBTOOL='$(SHELL) $(top_builddir)/libtool'
LIPO=''
LN_S='ln -s'
LTLIBOBJS=''
MAKEINFO='${SHELL} /home/htsuji/speedtest_tmp/missing makeinfo'
MANIFEST_TOOL=':'
MKDIR_P='/bin/mkdir -p'
NM='/usr/bin/nm -B'
NMEDIT=''
OBJDUMP='objdump'
OBJEXT='o'
OTOOL64=''
OTOOL=''
PACKAGE='timetestlog'
PACKAGE_BUGREPORT='kikikaikaikai@gmail.com'
PACKAGE_NAME='timetestlog'
PACKAGE_STRING='timetestlog 1.0.0'
PACKAGE_TARNAME='timetestlog'
PACKAGE_URL=''
PACKAGE_VERSION='1.0.0'
PATH_SEPARATOR=':'
RANLIB='ranlib'
SED='/bin/sed'
SET_MAKE=''
SHELL='/bin/bash'
STRIP='strip'
VERSION='1.0.0'
ac_ct_AR='ar'
ac_ct_CC='gcc'
ac_ct_DUMPBIN=''
am__EXEEXT_FALSE=''
am__EXEEXT_TRUE='#'
am__fastdepCC_FALSE='#'
am__fastdepCC_TRUE=''
am__include='include'
am__isrc=''
am__leading_dot='.'
am__nodep='_no'
am__quote=''
am__tar='$${TAR-tar} chof - "$$tardir"'
am__untar='$${TAR-tar} xf -'
bindir='${exec_prefix}/bin'
build='x86_64-unknown-linux-gnu'
build_alias=''
build_cpu='x86_64'
build_os='linux-gnu'
build_vendor='unknown'
datadir='${datarootdir}'
datarootdir='${prefix}/share'
docdir='${datarootdir}/doc/${PACKAGE_TARNAME}'
dvidir='${docdir}'
exec_prefix='${prefix}'
host='x86_64-unknown-linux-gnu'
host_alias=''
host_cpu='x86_64'
host_os='linux-gnu'
host_vendor='unknown'
htmldir='${docdir}'
includedir='${prefix}/include'
infodir='${datarootdir}/info'
install_sh='${SHELL} /home/htsuji/speedtest_tmp/install-sh'
libdir='${exec_prefix}/lib'
libexecdir='${exec_prefix}/libexec'
localedir='${datarootdir}/locale'
localstatedir='${prefix}/var'
mandir='${datarootdir}/man'
mkdir_p='$(MKDIR_P)'
oldincludedir='/usr/include'
pdfdir='${docdir}'
prefix='/usr/local'
program_transform_name='s,x,x,'
psdir='${docdir}'
sbindir='${exec_prefix}/sbin'
sharedstatedir='${prefix}/com'
sysconfdir='${prefix}/etc'
target_alias=''

## ----------- ##
## confdefs.h. ##
## ----------- ##

/* confdefs.h */
#define PACKAGE_NAME "timetestlog"
#define PACKAGE_TARNAME "timetestlog"
#define PACKAGE_VERSION "1.0.0"
#define PACKAGE_STRING "timetestlog 1.0.0"
#define PACKAGE_BUGREPORT "kikikaikaikai@gmail.com"
#define PACKAGE_URL ""
#define PACKAGE "timetestlog"
#define VERSION "1.0.0"
#define STDC_HEADERS 1
#define HAVE_SYS_TYPES_H 1
#define HAVE_SYS_STAT_H 1
#define HAVE_STDLIB_H 1
#define HAVE_STRING_H 1
#define HAVE_MEMORY_H 1
#define HAVE_STRINGS_H 1
#define HAVE_INTTYPES_H 1
#define HAVE_STDINT_H 1
#define HAVE_UNISTD_H 1
#define HAVE_DLFCN_H 1
#define LT_OBJDIR ".libs/"
#define HAVE_LIBPTHREAD 1
#define HAVE_STDLIB_H 1
#define HAVE_STRING_H 1
#define HAVE_CLOCK_GETTIME 1
#define HAVE_MEMSET 1
#define HAVE_STRERROR 1

configure: exit 0
